<?xml version="1.0" encoding="UTF-8"?>
<!-- Generated by org.testng.reporters.JUnitXMLReporter -->
<testsuite hostname="DESKTOP-8DUI1RP" ignored="0" name="Command line test" tests="4" failures="0" timestamp="19 Aug 2019 12:51:49 GMT" time="0.085" errors="0">
  <testcase name="method1" time="0.014" classname="projectpackage1.testproject.Proj1Test"/>
  <testcase name="method2" time="0.0" classname="projectpackage1.testproject.Proj1Test"/>
  <testcase name="method5" time="0.0" classname="projectpackage1.testproject.Proj3Test"/>
  <testcase name="method6" time="0.0" classname="projectpackage1.testproject.Proj3Test"/>
</testsuite> <!-- Command line test -->
