<?xml version="1.0" encoding="UTF-8"?>
<testng-results skipped="0" failed="0" ignored="0" total="2" passed="2">
  <reporter-output>
  </reporter-output>
  <suite name="Default suite" duration-ms="98" started-at="2019-08-19T10:21:59Z" finished-at="2019-08-19T10:21:59Z">
    <groups>
    </groups>
    <test name="Default test" duration-ms="98" started-at="2019-08-19T10:21:59Z" finished-at="2019-08-19T10:21:59Z">
      <class name="projectpackage1.testproject.proj1">
        <test-method status="PASS" signature="method1()[pri:0, instance:projectpackage1.testproject.proj1@724af044]" name="method1" duration-ms="15" started-at="2019-08-19T10:21:59Z" finished-at="2019-08-19T10:21:59Z">
          <reporter-output>
          </reporter-output>
        </test-method> <!-- method1 -->
        <test-method status="PASS" signature="method2()[pri:0, instance:projectpackage1.testproject.proj1@724af044]" name="method2" duration-ms="8" started-at="2019-08-19T10:21:59Z" finished-at="2019-08-19T10:21:59Z">
          <reporter-output>
          </reporter-output>
        </test-method> <!-- method2 -->
      </class> <!-- projectpackage1.testproject.proj1 -->
    </test> <!-- Default test -->
  </suite> <!-- Default suite -->
</testng-results>
